<?xml version="1.0" encoding="UTF-8"?>
<!-- Generated by org.testng.reporters.JUnitXMLReporter -->
<testsuite ignored="0" hostname="TYSS-Nandan-T" failures="0" tests="6" name="Test" time="166.414" errors="0" timestamp="2025-01-15T13:30:45 IST">
  <testcase classname="Testcases.TC_001_VerifyUserIsAbleToSignUpThePage" name="signUptopage" time="2.626"/>
  <testcase classname="Testcases.TC_002_SignIntoApplication" name="SignInToApplication" time="2.057"/>
  <testcase classname="Testcases.TC_003_SignOut" name="SignOut" time="2.124"/>
  <testcase classname="Testcases.TC_004_VerifyUseriaAbleToAddallNodes" name="AddNodestolist" time="39.553"/>
  <testcase classname="Testcases.TC_005_AddWalletAddressesAndSubmit" name="TestWalletAddress" time="70.601"/>
  <testcase classname="Testcases.TC_006_CreateNewPrivateBlockchain" name="createaNewblockchain" time="39.536"/>
</testsuite> <!-- Test -->
