<?xml version="1.0" encoding="UTF-8"?>
<testng-results ignored="0" total="6" passed="6" failed="0" skipped="0">
  <reporter-output>
  </reporter-output>
  <suite started-at="2025-01-15T14:49:42 IST" name="XaltsTestSuite" finished-at="2025-01-15T14:53:01 IST" duration-ms="198612">
    <groups>
    </groups>
    <test started-at="2025-01-15T14:49:42 IST" name="Test" finished-at="2025-01-15T14:53:01 IST" duration-ms="198612">
      <class name="Testcases.TC_005_AddWalletAddressesAndSubmit">
        <test-method is-config="true" signature="InitializeDrivers()[pri:0, instance:Testcases.TC_005_AddWalletAddressesAndSubmit@14bdbc74]" started-at="2025-01-15T14:50:52 IST" name="InitializeDrivers" finished-at="2025-01-15T14:50:54 IST" duration-ms="2408" status="PASS">
          <reporter-output>
          </reporter-output>
        </test-method> <!-- InitializeDrivers -->
        <test-method is-config="true" signature="LaunchURL()[pri:0, instance:Testcases.TC_005_AddWalletAddressesAndSubmit@14bdbc74]" started-at="2025-01-15T14:50:54 IST" name="LaunchURL" finished-at="2025-01-15T14:50:55 IST" duration-ms="404" status="PASS">
          <reporter-output>
          </reporter-output>
        </test-method> <!-- LaunchURL -->
        <test-method signature="TestWalletAddress()[pri:0, instance:Testcases.TC_005_AddWalletAddressesAndSubmit@14bdbc74]" started-at="2025-01-15T14:50:55 IST" name="TestWalletAddress" finished-at="2025-01-15T14:52:12 IST" duration-ms="77494" status="PASS">
          <reporter-output>
          </reporter-output>
        </test-method> <!-- TestWalletAddress -->
        <test-method is-config="true" signature="QuitallBrowsers()[pri:0, instance:Testcases.TC_005_AddWalletAddressesAndSubmit@14bdbc74]" started-at="2025-01-15T14:52:12 IST" name="QuitallBrowsers" finished-at="2025-01-15T14:52:12 IST" duration-ms="349" status="PASS">
          <reporter-output>
          </reporter-output>
        </test-method> <!-- QuitallBrowsers -->
      </class> <!-- Testcases.TC_005_AddWalletAddressesAndSubmit -->
      <class name="Testcases.TC_003_SignOut">
        <test-method is-config="true" signature="InitializeDrivers()[pri:0, instance:Testcases.TC_003_SignOut@f68f0dc]" started-at="2025-01-15T14:49:59 IST" name="InitializeDrivers" finished-at="2025-01-15T14:50:01 IST" duration-ms="2292" status="PASS">
          <reporter-output>
          </reporter-output>
        </test-method> <!-- InitializeDrivers -->
        <test-method is-config="true" signature="LaunchURL()[pri:0, instance:Testcases.TC_003_SignOut@f68f0dc]" started-at="2025-01-15T14:50:01 IST" name="LaunchURL" finished-at="2025-01-15T14:50:01 IST" duration-ms="389" status="PASS">
          <reporter-output>
          </reporter-output>
        </test-method> <!-- LaunchURL -->
        <test-method signature="SignOut()[pri:0, instance:Testcases.TC_003_SignOut@f68f0dc]" started-at="2025-01-15T14:50:01 IST" name="SignOut" finished-at="2025-01-15T14:50:05 IST" duration-ms="3730" status="PASS">
          <reporter-output>
          </reporter-output>
        </test-method> <!-- SignOut -->
        <test-method is-config="true" signature="QuitallBrowsers()[pri:0, instance:Testcases.TC_003_SignOut@f68f0dc]" started-at="2025-01-15T14:50:05 IST" name="QuitallBrowsers" finished-at="2025-01-15T14:50:05 IST" duration-ms="219" status="PASS">
          <reporter-output>
          </reporter-output>
        </test-method> <!-- QuitallBrowsers -->
      </class> <!-- Testcases.TC_003_SignOut -->
      <class name="Testcases.TC_002_SignIntoApplication">
        <test-method is-config="true" signature="InitializeDrivers()[pri:0, instance:Testcases.TC_002_SignIntoApplication@2f953efd]" started-at="2025-01-15T14:49:52 IST" name="InitializeDrivers" finished-at="2025-01-15T14:49:54 IST" duration-ms="2795" status="PASS">
          <reporter-output>
          </reporter-output>
        </test-method> <!-- InitializeDrivers -->
        <test-method is-config="true" signature="LaunchURL()[pri:0, instance:Testcases.TC_002_SignIntoApplication@2f953efd]" started-at="2025-01-15T14:49:54 IST" name="LaunchURL" finished-at="2025-01-15T14:49:55 IST" duration-ms="240" status="PASS">
          <reporter-output>
          </reporter-output>
        </test-method> <!-- LaunchURL -->
        <test-method signature="SignInToApplication()[pri:0, instance:Testcases.TC_002_SignIntoApplication@2f953efd]" started-at="2025-01-15T14:49:55 IST" name="SignInToApplication" finished-at="2025-01-15T14:49:58 IST" duration-ms="3646" status="PASS">
          <reporter-output>
          </reporter-output>
        </test-method> <!-- SignInToApplication -->
        <test-method is-config="true" signature="QuitallBrowsers()[pri:0, instance:Testcases.TC_002_SignIntoApplication@2f953efd]" started-at="2025-01-15T14:49:58 IST" name="QuitallBrowsers" finished-at="2025-01-15T14:49:59 IST" duration-ms="253" status="PASS">
          <reporter-output>
          </reporter-output>
        </test-method> <!-- QuitallBrowsers -->
      </class> <!-- Testcases.TC_002_SignIntoApplication -->
      <class name="Testcases.TC_001_VerifyUserIsAbleToSignUpThePage">
        <test-method is-config="true" signature="InitializeDrivers()[pri:0, instance:Testcases.TC_001_VerifyUserIsAbleToSignUpThePage@14dd7b39]" started-at="2025-01-15T14:49:42 IST" name="InitializeDrivers" finished-at="2025-01-15T14:49:47 IST" duration-ms="4100" status="PASS">
          <reporter-output>
          </reporter-output>
        </test-method> <!-- InitializeDrivers -->
        <test-method is-config="true" signature="LaunchURL()[pri:0, instance:Testcases.TC_001_VerifyUserIsAbleToSignUpThePage@14dd7b39]" started-at="2025-01-15T14:49:47 IST" name="LaunchURL" finished-at="2025-01-15T14:49:47 IST" duration-ms="359" status="PASS">
          <reporter-output>
          </reporter-output>
        </test-method> <!-- LaunchURL -->
        <test-method signature="signUptopage()[pri:0, instance:Testcases.TC_001_VerifyUserIsAbleToSignUpThePage@14dd7b39]" started-at="2025-01-15T14:49:47 IST" name="signUptopage" finished-at="2025-01-15T14:49:51 IST" duration-ms="4406" status="PASS">
          <reporter-output>
          </reporter-output>
        </test-method> <!-- signUptopage -->
        <test-method is-config="true" signature="QuitallBrowsers()[pri:0, instance:Testcases.TC_001_VerifyUserIsAbleToSignUpThePage@14dd7b39]" started-at="2025-01-15T14:49:51 IST" name="QuitallBrowsers" finished-at="2025-01-15T14:49:52 IST" duration-ms="279" status="PASS">
          <reporter-output>
          </reporter-output>
        </test-method> <!-- QuitallBrowsers -->
      </class> <!-- Testcases.TC_001_VerifyUserIsAbleToSignUpThePage -->
      <class name="Testcases.TC_004_VerifyUseriaAbleToAddallNodes">
        <test-method is-config="true" signature="InitializeDrivers()[pri:0, instance:Testcases.TC_004_VerifyUseriaAbleToAddallNodes@d2de489]" started-at="2025-01-15T14:50:05 IST" name="InitializeDrivers" finished-at="2025-01-15T14:50:08 IST" duration-ms="2295" status="PASS">
          <reporter-output>
          </reporter-output>
        </test-method> <!-- InitializeDrivers -->
        <test-method is-config="true" signature="LaunchURL()[pri:0, instance:Testcases.TC_004_VerifyUseriaAbleToAddallNodes@d2de489]" started-at="2025-01-15T14:50:08 IST" name="LaunchURL" finished-at="2025-01-15T14:50:08 IST" duration-ms="162" status="PASS">
          <reporter-output>
          </reporter-output>
        </test-method> <!-- LaunchURL -->
        <test-method signature="AddNodestolist()[pri:0, instance:Testcases.TC_004_VerifyUseriaAbleToAddallNodes@d2de489]" started-at="2025-01-15T14:50:08 IST" name="AddNodestolist" finished-at="2025-01-15T14:50:51 IST" duration-ms="43798" status="PASS">
          <reporter-output>
          </reporter-output>
        </test-method> <!-- AddNodestolist -->
        <test-method is-config="true" signature="QuitallBrowsers()[pri:0, instance:Testcases.TC_004_VerifyUseriaAbleToAddallNodes@d2de489]" started-at="2025-01-15T14:50:51 IST" name="QuitallBrowsers" finished-at="2025-01-15T14:50:52 IST" duration-ms="373" status="PASS">
          <reporter-output>
          </reporter-output>
        </test-method> <!-- QuitallBrowsers -->
      </class> <!-- Testcases.TC_004_VerifyUseriaAbleToAddallNodes -->
      <class name="Testcases.TC_006_CreateNewPrivateBlockchain">
        <test-method is-config="true" signature="InitializeDrivers()[pri:0, instance:Testcases.TC_006_CreateNewPrivateBlockchain@12591ac8]" started-at="2025-01-15T14:52:12 IST" name="InitializeDrivers" finished-at="2025-01-15T14:52:15 IST" duration-ms="2427" status="PASS">
          <reporter-output>
          </reporter-output>
        </test-method> <!-- InitializeDrivers -->
        <test-method is-config="true" signature="LaunchURL()[pri:0, instance:Testcases.TC_006_CreateNewPrivateBlockchain@12591ac8]" started-at="2025-01-15T14:52:15 IST" name="LaunchURL" finished-at="2025-01-15T14:52:15 IST" duration-ms="343" status="PASS">
          <reporter-output>
          </reporter-output>
        </test-method> <!-- LaunchURL -->
        <test-method signature="createaNewblockchain()[pri:0, instance:Testcases.TC_006_CreateNewPrivateBlockchain@12591ac8]" started-at="2025-01-15T14:52:15 IST" name="createaNewblockchain" finished-at="2025-01-15T14:53:01 IST" duration-ms="45401" status="PASS">
          <reporter-output>
          </reporter-output>
        </test-method> <!-- createaNewblockchain -->
        <test-method is-config="true" signature="QuitallBrowsers()[pri:0, instance:Testcases.TC_006_CreateNewPrivateBlockchain@12591ac8]" started-at="2025-01-15T14:53:01 IST" name="QuitallBrowsers" finished-at="2025-01-15T14:53:01 IST" duration-ms="336" status="PASS">
          <reporter-output>
          </reporter-output>
        </test-method> <!-- QuitallBrowsers -->
      </class> <!-- Testcases.TC_006_CreateNewPrivateBlockchain -->
    </test> <!-- Test -->
  </suite> <!-- XaltsTestSuite -->
</testng-results>
