<?xml version="1.0" encoding="UTF-8"?>
<testsuite xmlns:xsi="http://www.w3.org/2001/XMLSchema-instance" xsi:noNamespaceSchemaLocation="https://maven.apache.org/surefire/maven-surefire-plugin/xsd/surefire-test-report-3.0.xsd" version="3.0" name="TestSuite" time="200.703" tests="6" errors="0" skipped="0" failures="0">
  <properties>
[...]
</properties>
  <testcase name="signUptopage" classname="Testcases.TC_001_VerifyUserIsAbleToSignUpThePage" time="4.418">
    <system-out><![CDATA[Sign-up successful: 'Onboard OCN Node' title is displayed.
]]></system-out>
  </testcase>
  <testcase name="SignInToApplication" classname="Testcases.TC_002_SignIntoApplication" time="3.649">
    <system-out><![CDATA[Sign-IN successful: 'Onboard OCN Node' title is displayed.
]]></system-out>
  </testcase>
  <testcase name="SignOut" classname="Testcases.TC_003_SignOut" time="3.733">
    <system-out><![CDATA[Sign-IN successful: 'Onboard OCN Node' title is displayed.
]]></system-out>
  </testcase>
  <testcase name="AddNodestolist" classname="Testcases.TC_004_VerifyUseriaAbleToAddallNodes" time="43.795">
    <system-out><![CDATA[Sign-IN successful: 'Onboard OCN Node' title is displayed.
]]></system-out>
  </testcase>
  <testcase name="TestWalletAddress" classname="Testcases.TC_005_AddWalletAddressesAndSubmit" time="77.49">
    <system-out><![CDATA[Sign-IN successful: 'Onboard OCN Node' title is displayed.
f064bd8b17fe6c0f17d5eb419a0d1c57d6986766
71d81f641239039cfeac5b3f00e8f145413abc6c
a0315b2c97721d3f28ba76ccee7102f763e7033e
]]></system-out>
  </testcase>
  <testcase name="createaNewblockchain" classname="Testcases.TC_006_CreateNewPrivateBlockchain" time="45.416">
    <system-out><![CDATA[Sign-IN successful: 'Onboard OCN Node' title is displayed.
a4152349ef9dcbc9668470a1eea552d18c429fc9
]]></system-out>
  </testcase>
</testsuite>