<?xml version="1.0" encoding="UTF-8"?>
<!-- Generated by org.testng.reporters.JUnitXMLReporter -->
<testsuite ignored="0" hostname="TYSS-Nandan-T" failures="0" tests="6" name="Test" time="198.612" errors="0" timestamp="2025-01-15T14:53:02 IST">
  <testcase classname="Testcases.TC_001_VerifyUserIsAbleToSignUpThePage" name="signUptopage" time="4.406"/>
  <testcase classname="Testcases.TC_002_SignIntoApplication" name="SignInToApplication" time="3.646"/>
  <testcase classname="Testcases.TC_003_SignOut" name="SignOut" time="3.73"/>
  <testcase classname="Testcases.TC_004_VerifyUseriaAbleToAddallNodes" name="AddNodestolist" time="43.798"/>
  <testcase classname="Testcases.TC_005_AddWalletAddressesAndSubmit" name="TestWalletAddress" time="77.494"/>
  <testcase classname="Testcases.TC_006_CreateNewPrivateBlockchain" name="createaNewblockchain" time="45.401"/>
</testsuite> <!-- Test -->
